c:\users\gonzalo guzmán\desktop\issue#8\serious-train\juego\holasdl\debug\vc140.pdb
c:\users\gonzalo guzmán\desktop\issue#8\serious-train\juego\holasdl\debug\vc140.idb
c:\users\gonzalo guzmán\desktop\issue#8\serious-train\juego\holasdl\debug\bala.obj
c:\users\gonzalo guzmán\desktop\issue#8\serious-train\juego\holasdl\debug\barrahp.obj
c:\users\gonzalo guzmán\desktop\issue#8\serious-train\juego\holasdl\debug\button.obj
c:\users\gonzalo guzmán\desktop\issue#8\serious-train\juego\holasdl\debug\enemigo.obj
c:\users\gonzalo guzmán\desktop\issue#8\serious-train\juego\holasdl\debug\error.obj
c:\users\gonzalo guzmán\desktop\issue#8\serious-train\juego\holasdl\debug\estado.obj
c:\users\gonzalo guzmán\desktop\issue#8\serious-train\juego\holasdl\debug\game.obj
c:\users\gonzalo guzmán\desktop\issue#8\serious-train\juego\holasdl\debug\finnivel.obj
c:\users\gonzalo guzmán\desktop\issue#8\serious-train\juego\holasdl\debug\main.obj
c:\users\gonzalo guzmán\desktop\issue#8\serious-train\juego\holasdl\debug\menu.obj
c:\users\gonzalo guzmán\desktop\issue#8\serious-train\juego\holasdl\debug\objeto.obj
c:\users\gonzalo guzmán\desktop\issue#8\serious-train\juego\holasdl\debug\personaje.obj
c:\users\gonzalo guzmán\desktop\issue#8\serious-train\juego\holasdl\debug\play.obj
c:\users\gonzalo guzmán\desktop\issue#8\serious-train\juego\holasdl\debug\texturas.obj
c:\users\gonzalo guzmán\desktop\issue#8\serious-train\juego\holasdl\debug\vagon.obj
c:\users\gonzalo guzmán\desktop\issue#8\serious-train\juego\bin\holasdldebug.pdb
c:\users\gonzalo guzmán\desktop\issue#8\serious-train\juego\holasdl\debug\holasdl.tlog\cl.command.1.tlog
c:\users\gonzalo guzmán\desktop\issue#8\serious-train\juego\holasdl\debug\holasdl.tlog\cl.read.1.tlog
c:\users\gonzalo guzmán\desktop\issue#8\serious-train\juego\holasdl\debug\holasdl.tlog\cl.write.1.tlog
c:\users\gonzalo guzmán\desktop\issue#8\serious-train\juego\holasdl\debug\holasdl.tlog\link.command.1.tlog
c:\users\gonzalo guzmán\desktop\issue#8\serious-train\juego\holasdl\debug\holasdl.tlog\link.read.1.tlog
c:\users\gonzalo guzmán\desktop\issue#8\serious-train\juego\holasdl\debug\holasdl.tlog\link.write.1.tlog
